<?xml version="1.0" encoding="UTF-8"?>
<testsuite xmlns:xsi="http://www.w3.org/2001/XMLSchema-instance" xsi:noNamespaceSchemaLocation="https://maven.apache.org/surefire/maven-surefire-plugin/xsd/surefire-test-report-3.0.xsd" version="3.0" name="RunnerTest" time="22.992" tests="17" errors="2" skipped="0" failures="0">
  <properties>
    <property name="java.specification.version" value="18"/>
    <property name="sun.jnu.encoding" value="UTF-8"/>
    <property name="java.class.path" value="/home/uzair/WebTest/target/test-classes:/home/uzair/WebTest/target/classes:/home/uzair/.m2/repository/org/postgresql/postgresql/42.3.1/postgresql-42.3.1.jar:/home/uzair/.m2/repository/org/checkerframework/checker-qual/3.5.0/checker-qual-3.5.0.jar:/home/uzair/.m2/repository/io/cucumber/cucumber-junit/6.10.0/cucumber-junit-6.10.0.jar:/home/uzair/.m2/repository/org/apiguardian/apiguardian-api/1.1.1/apiguardian-api-1.1.1.jar:/home/uzair/.m2/repository/io/cucumber/cucumber-core/6.10.4/cucumber-core-6.10.4.jar:/home/uzair/.m2/repository/io/cucumber/cucumber-gherkin/6.10.4/cucumber-gherkin-6.10.4.jar:/home/uzair/.m2/repository/io/cucumber/cucumber-gherkin-messages/6.10.4/cucumber-gherkin-messages-6.10.4.jar:/home/uzair/.m2/repository/io/cucumber/messages/15.0.0/messages-15.0.0.jar:/home/uzair/.m2/repository/io/cucumber/tag-expressions/3.0.1/tag-expressions-3.0.1.jar:/home/uzair/.m2/repository/io/cucumber/cucumber-expressions/10.3.0/cucumber-expressions-10.3.0.jar:/home/uzair/.m2/repository/io/cucumber/datatable/3.5.0/datatable-3.5.0.jar:/home/uzair/.m2/repository/io/cucumber/cucumber-plugin/6.10.4/cucumber-plugin-6.10.4.jar:/home/uzair/.m2/repository/io/cucumber/docstring/6.10.4/docstring-6.10.4.jar:/home/uzair/.m2/repository/io/cucumber/html-formatter/13.0.0/html-formatter-13.0.0.jar:/home/uzair/.m2/repository/io/cucumber/create-meta/4.0.0/create-meta-4.0.0.jar:/home/uzair/.m2/repository/io/cucumber/cucumber-java/6.10.4/cucumber-java-6.10.4.jar:/home/uzair/.m2/repository/junit/junit/4.13.2/junit-4.13.2.jar:/home/uzair/.m2/repository/org/hamcrest/hamcrest-core/1.3/hamcrest-core-1.3.jar:/home/uzair/.m2/repository/org/seleniumhq/selenium/selenium-remote-driver/4.3.0/selenium-remote-driver-4.3.0.jar:/home/uzair/.m2/repository/com/beust/jcommander/1.82/jcommander-1.82.jar:/home/uzair/.m2/repository/com/google/auto/service/auto-service-annotations/1.0.1/auto-service-annotations-1.0.1.jar:/home/uzair/.m2/repository/com/google/auto/service/auto-service/1.0.1/auto-service-1.0.1.jar:/home/uzair/.m2/repository/com/google/auto/auto-common/1.2/auto-common-1.2.jar:/home/uzair/.m2/repository/com/google/guava/guava/31.1-jre/guava-31.1-jre.jar:/home/uzair/.m2/repository/com/google/guava/failureaccess/1.0.1/failureaccess-1.0.1.jar:/home/uzair/.m2/repository/com/google/guava/listenablefuture/9999.0-empty-to-avoid-conflict-with-guava/listenablefuture-9999.0-empty-to-avoid-conflict-with-guava.jar:/home/uzair/.m2/repository/com/google/code/findbugs/jsr305/3.0.2/jsr305-3.0.2.jar:/home/uzair/.m2/repository/com/google/errorprone/error_prone_annotations/2.11.0/error_prone_annotations-2.11.0.jar:/home/uzair/.m2/repository/com/google/j2objc/j2objc-annotations/1.3/j2objc-annotations-1.3.jar:/home/uzair/.m2/repository/io/netty/netty-buffer/4.1.78.Final/netty-buffer-4.1.78.Final.jar:/home/uzair/.m2/repository/io/netty/netty-codec-http/4.1.78.Final/netty-codec-http-4.1.78.Final.jar:/home/uzair/.m2/repository/io/netty/netty-codec/4.1.78.Final/netty-codec-4.1.78.Final.jar:/home/uzair/.m2/repository/io/netty/netty-handler/4.1.78.Final/netty-handler-4.1.78.Final.jar:/home/uzair/.m2/repository/io/netty/netty-common/4.1.78.Final/netty-common-4.1.78.Final.jar:/home/uzair/.m2/repository/io/netty/netty-transport-classes-epoll/4.1.78.Final/netty-transport-classes-epoll-4.1.78.Final.jar:/home/uzair/.m2/repository/io/netty/netty-transport-classes-kqueue/4.1.78.Final/netty-transport-classes-kqueue-4.1.78.Final.jar:/home/uzair/.m2/repository/io/netty/netty-transport-native-epoll/4.1.78.Final/netty-transport-native-epoll-4.1.78.Final.jar:/home/uzair/.m2/repository/io/netty/netty-transport-native-kqueue/4.1.78.Final/netty-transport-native-kqueue-4.1.78.Final.jar:/home/uzair/.m2/repository/io/netty/netty-transport-native-unix-common/4.1.78.Final/netty-transport-native-unix-common-4.1.78.Final.jar:/home/uzair/.m2/repository/io/netty/netty-transport/4.1.78.Final/netty-transport-4.1.78.Final.jar:/home/uzair/.m2/repository/io/netty/netty-resolver/4.1.78.Final/netty-resolver-4.1.78.Final.jar:/home/uzair/.m2/repository/io/opentelemetry/opentelemetry-api/1.15.0/opentelemetry-api-1.15.0.jar:/home/uzair/.m2/repository/io/opentelemetry/opentelemetry-context/1.15.0/opentelemetry-context-1.15.0.jar:/home/uzair/.m2/repository/io/opentelemetry/opentelemetry-exporter-logging/1.15.0/opentelemetry-exporter-logging-1.15.0.jar:/home/uzair/.m2/repository/io/opentelemetry/opentelemetry-sdk-metrics/1.15.0/opentelemetry-sdk-metrics-1.15.0.jar:/home/uzair/.m2/repository/io/opentelemetry/opentelemetry-sdk-logs/1.15.0-alpha/opentelemetry-sdk-logs-1.15.0-alpha.jar:/home/uzair/.m2/repository/io/opentelemetry/opentelemetry-sdk-common/1.15.0/opentelemetry-sdk-common-1.15.0.jar:/home/uzair/.m2/repository/io/opentelemetry/opentelemetry-sdk-extension-autoconfigure-spi/1.15.0/opentelemetry-sdk-extension-autoconfigure-spi-1.15.0.jar:/home/uzair/.m2/repository/io/opentelemetry/opentelemetry-sdk-extension-autoconfigure/1.15.0-alpha/opentelemetry-sdk-extension-autoconfigure-1.15.0-alpha.jar:/home/uzair/.m2/repository/io/opentelemetry/opentelemetry-sdk-trace/1.15.0/opentelemetry-sdk-trace-1.15.0.jar:/home/uzair/.m2/repository/io/opentelemetry/opentelemetry-sdk/1.15.0/opentelemetry-sdk-1.15.0.jar:/home/uzair/.m2/repository/io/opentelemetry/opentelemetry-semconv/1.15.0-alpha/opentelemetry-semconv-1.15.0-alpha.jar:/home/uzair/.m2/repository/io/ous/jtoml/2.0.0/jtoml-2.0.0.jar:/home/uzair/.m2/repository/net/bytebuddy/byte-buddy/1.12.10/byte-buddy-1.12.10.jar:/home/uzair/.m2/repository/org/apache/commons/commons-exec/1.3/commons-exec-1.3.jar:/home/uzair/.m2/repository/org/asynchttpclient/async-http-client/2.12.3/async-http-client-2.12.3.jar:/home/uzair/.m2/repository/org/asynchttpclient/async-http-client-netty-utils/2.12.3/async-http-client-netty-utils-2.12.3.jar:/home/uzair/.m2/repository/io/netty/netty-codec-socks/4.1.60.Final/netty-codec-socks-4.1.60.Final.jar:/home/uzair/.m2/repository/io/netty/netty-handler-proxy/4.1.60.Final/netty-handler-proxy-4.1.60.Final.jar:/home/uzair/.m2/repository/io/netty/netty-transport-native-epoll/4.1.60.Final/netty-transport-native-epoll-4.1.60.Final-linux-x86_64.jar:/home/uzair/.m2/repository/io/netty/netty-transport-native-kqueue/4.1.60.Final/netty-transport-native-kqueue-4.1.60.Final-osx-x86_64.jar:/home/uzair/.m2/repository/org/reactivestreams/reactive-streams/1.0.3/reactive-streams-1.0.3.jar:/home/uzair/.m2/repository/com/typesafe/netty/netty-reactive-streams/2.0.4/netty-reactive-streams-2.0.4.jar:/home/uzair/.m2/repository/com/sun/activation/jakarta.activation/1.2.2/jakarta.activation-1.2.2.jar:/home/uzair/.m2/repository/org/seleniumhq/selenium/selenium-api/4.3.0/selenium-api-4.3.0.jar:/home/uzair/.m2/repository/org/seleniumhq/selenium/selenium-http/4.3.0/selenium-http-4.3.0.jar:/home/uzair/.m2/repository/dev/failsafe/failsafe/3.2.4/failsafe-3.2.4.jar:/home/uzair/.m2/repository/org/seleniumhq/selenium/selenium-json/4.3.0/selenium-json-4.3.0.jar:/home/uzair/.m2/repository/org/seleniumhq/selenium/selenium-java/4.3.0/selenium-java-4.3.0.jar:/home/uzair/.m2/repository/org/seleniumhq/selenium/selenium-chrome-driver/4.3.0/selenium-chrome-driver-4.3.0.jar:/home/uzair/.m2/repository/org/seleniumhq/selenium/selenium-chromium-driver/4.3.0/selenium-chromium-driver-4.3.0.jar:/home/uzair/.m2/repository/org/seleniumhq/selenium/selenium-devtools-v101/4.3.0/selenium-devtools-v101-4.3.0.jar:/home/uzair/.m2/repository/org/seleniumhq/selenium/selenium-devtools-v102/4.3.0/selenium-devtools-v102-4.3.0.jar:/home/uzair/.m2/repository/org/seleniumhq/selenium/selenium-devtools-v103/4.3.0/selenium-devtools-v103-4.3.0.jar:/home/uzair/.m2/repository/org/seleniumhq/selenium/selenium-devtools-v85/4.3.0/selenium-devtools-v85-4.3.0.jar:/home/uzair/.m2/repository/org/seleniumhq/selenium/selenium-edge-driver/4.3.0/selenium-edge-driver-4.3.0.jar:/home/uzair/.m2/repository/org/seleniumhq/selenium/selenium-firefox-driver/4.3.0/selenium-firefox-driver-4.3.0.jar:/home/uzair/.m2/repository/org/seleniumhq/selenium/selenium-ie-driver/4.3.0/selenium-ie-driver-4.3.0.jar:/home/uzair/.m2/repository/org/seleniumhq/selenium/selenium-opera-driver/4.3.0/selenium-opera-driver-4.3.0.jar:/home/uzair/.m2/repository/org/seleniumhq/selenium/selenium-safari-driver/4.3.0/selenium-safari-driver-4.3.0.jar:/home/uzair/.m2/repository/org/seleniumhq/selenium/selenium-support/4.3.0/selenium-support-4.3.0.jar:/home/uzair/.m2/repository/io/github/bonigarcia/webdrivermanager/5.0.2/webdrivermanager-5.0.2.jar:/home/uzair/.m2/repository/org/slf4j/slf4j-api/1.7.32/slf4j-api-1.7.32.jar:/home/uzair/.m2/repository/com/google/code/gson/gson/2.8.8/gson-2.8.8.jar:/home/uzair/.m2/repository/org/jsoup/jsoup/1.14.2/jsoup-1.14.2.jar:/home/uzair/.m2/repository/com/github/docker-java/docker-java/3.2.11/docker-java-3.2.11.jar:/home/uzair/.m2/repository/com/github/docker-java/docker-java-core/3.2.11/docker-java-core-3.2.11.jar:/home/uzair/.m2/repository/com/github/docker-java/docker-java-api/3.2.11/docker-java-api-3.2.11.jar:/home/uzair/.m2/repository/org/apache/commons/commons-compress/1.20/commons-compress-1.20.jar:/home/uzair/.m2/repository/commons-lang/commons-lang/2.6/commons-lang-2.6.jar:/home/uzair/.m2/repository/org/bouncycastle/bcpkix-jdk15on/1.64/bcpkix-jdk15on-1.64.jar:/home/uzair/.m2/repository/org/bouncycastle/bcprov-jdk15on/1.64/bcprov-jdk15on-1.64.jar:/home/uzair/.m2/repository/org/slf4j/jcl-over-slf4j/1.7.30/jcl-over-slf4j-1.7.30.jar:/home/uzair/.m2/repository/com/github/docker-java/docker-java-transport-httpclient5/3.2.11/docker-java-transport-httpclient5-3.2.11.jar:/home/uzair/.m2/repository/com/github/docker-java/docker-java-transport/3.2.11/docker-java-transport-3.2.11.jar:/home/uzair/.m2/repository/org/apache/httpcomponents/client5/httpclient5/5.0.3/httpclient5-5.0.3.jar:/home/uzair/.m2/repository/org/apache/httpcomponents/core5/httpcore5/5.0.2/httpcore5-5.0.2.jar:/home/uzair/.m2/repository/commons-codec/commons-codec/1.13/commons-codec-1.13.jar:/home/uzair/.m2/repository/net/java/dev/jna/jna/5.8.0/jna-5.8.0.jar:/home/uzair/.m2/repository/org/brotli/dec/0.1.2/dec-0.1.2.jar:/home/uzair/.m2/repository/com/testvagrant/mdb/mdb/2.2.1/mdb-2.2.1.jar:/home/uzair/.m2/repository/org/apache/commons/commons-lang3/3.1/commons-lang3-3.1.jar:/home/uzair/.m2/repository/com/testvagrant/optimus-commons/optimus-commons/2.2.1/optimus-commons-2.2.1.jar:/home/uzair/.m2/repository/org/json/json/20160810/json-20160810.jar:/home/uzair/.m2/repository/io/appium/java-client/5.0.4/java-client-5.0.4.jar:/home/uzair/.m2/repository/org/apache/httpcomponents/httpclient/4.5.3/httpclient-4.5.3.jar:/home/uzair/.m2/repository/org/apache/httpcomponents/httpcore/4.4.6/httpcore-4.4.6.jar:/home/uzair/.m2/repository/commons-logging/commons-logging/1.2/commons-logging-1.2.jar:/home/uzair/.m2/repository/cglib/cglib/3.2.5/cglib-3.2.5.jar:/home/uzair/.m2/repository/org/apache/ant/ant/1.9.6/ant-1.9.6.jar:/home/uzair/.m2/repository/org/apache/ant/ant-launcher/1.9.6/ant-launcher-1.9.6.jar:/home/uzair/.m2/repository/commons-validator/commons-validator/1.6/commons-validator-1.6.jar:/home/uzair/.m2/repository/commons-beanutils/commons-beanutils/1.9.2/commons-beanutils-1.9.2.jar:/home/uzair/.m2/repository/commons-digester/commons-digester/1.8.1/commons-digester-1.8.1.jar:/home/uzair/.m2/repository/commons-collections/commons-collections/3.2.2/commons-collections-3.2.2.jar:/home/uzair/.m2/repository/org/springframework/spring-context/5.0.0.RELEASE/spring-context-5.0.0.RELEASE.jar:/home/uzair/.m2/repository/org/springframework/spring-aop/5.0.0.RELEASE/spring-aop-5.0.0.RELEASE.jar:/home/uzair/.m2/repository/org/springframework/spring-beans/5.0.0.RELEASE/spring-beans-5.0.0.RELEASE.jar:/home/uzair/.m2/repository/org/springframework/spring-core/5.0.0.RELEASE/spring-core-5.0.0.RELEASE.jar:/home/uzair/.m2/repository/org/springframework/spring-jcl/5.0.0.RELEASE/spring-jcl-5.0.0.RELEASE.jar:/home/uzair/.m2/repository/org/springframework/spring-expression/5.0.0.RELEASE/spring-expression-5.0.0.RELEASE.jar:/home/uzair/.m2/repository/org/aspectj/aspectjweaver/1.8.11/aspectjweaver-1.8.11.jar:/home/uzair/.m2/repository/org/openpnp/opencv/3.2.0-1/opencv-3.2.0-1.jar:/home/uzair/.m2/repository/org/codehaus/jackson/jackson-jaxrs/1.8.5/jackson-jaxrs-1.8.5.jar:/home/uzair/.m2/repository/org/codehaus/jackson/jackson-core-asl/1.8.5/jackson-core-asl-1.8.5.jar:/home/uzair/.m2/repository/org/codehaus/jackson/jackson-mapper-asl/1.8.5/jackson-mapper-asl-1.8.5.jar:/home/uzair/.m2/repository/com/fasterxml/jackson/core/jackson-databind/2.9.0.pr4/jackson-databind-2.9.0.pr4.jar:/home/uzair/.m2/repository/com/fasterxml/jackson/core/jackson-annotations/2.9.0.pr4/jackson-annotations-2.9.0.pr4.jar:/home/uzair/.m2/repository/com/fasterxml/jackson/core/jackson-core/2.9.0.pr4/jackson-core-2.9.0.pr4.jar:/home/uzair/.m2/repository/com/fasterxml/jackson/dataformat/jackson-dataformat-yaml/2.9.0.pr4/jackson-dataformat-yaml-2.9.0.pr4.jar:/home/uzair/.m2/repository/org/yaml/snakeyaml/1.17/snakeyaml-1.17.jar:/home/uzair/.m2/repository/io/cucumber/cucumber-java8/2.1.0/cucumber-java8-2.1.0.jar:/home/uzair/.m2/repository/net/jodah/typetools/0.5.0/typetools-0.5.0.jar:/home/uzair/.m2/repository/com/paulhammant/ngwebdriver/1.1.6/ngwebdriver-1.1.6.jar:/home/uzair/.m2/repository/com/jayway/jsonpath/json-path/2.7.0/json-path-2.7.0.jar:/home/uzair/.m2/repository/net/minidev/json-smart/2.4.7/json-smart-2.4.7.jar:/home/uzair/.m2/repository/net/minidev/accessors-smart/2.4.7/accessors-smart-2.4.7.jar:/home/uzair/.m2/repository/org/ow2/asm/asm/9.1/asm-9.1.jar:/home/uzair/.m2/repository/commons-io/commons-io/2.11.0/commons-io-2.11.0.jar:/home/uzair/.m2/repository/io/qameta/allure/allure-cucumber6-jvm/2.17.2/allure-cucumber6-jvm-2.17.2.jar:/home/uzair/.m2/repository/io/qameta/allure/allure-java-commons/2.17.2/allure-java-commons-2.17.2.jar:/home/uzair/.m2/repository/io/qameta/allure/allure-model/2.17.2/allure-model-2.17.2.jar:/home/uzair/.m2/repository/io/cucumber/gherkin/18.0.0/gherkin-18.0.0.jar:"/>
    <property name="java.vm.vendor" value="Private Build"/>
    <property name="sun.arch.data.model" value="64"/>
    <property name="java.vendor.url" value="Unknown"/>
    <property name="os.name" value="Linux"/>
    <property name="java.vm.specification.version" value="18"/>
    <property name="sun.java.launcher" value="SUN_STANDARD"/>
    <property name="user.country" value="US"/>
    <property name="sun.boot.library.path" value="/usr/lib/jvm/java-18-openjdk-amd64/lib"/>
    <property name="sun.java.command" value="/home/uzair/WebTest/target/surefire/surefirebooter15524266946487365387.jar /home/uzair/WebTest/target/surefire 2023-07-25T20-46-21_323-jvmRun1 surefire9691576191971451933tmp surefire_013102220918580833898tmp"/>
    <property name="jdk.debug" value="release"/>
    <property name="surefire.test.class.path" value="/home/uzair/WebTest/target/test-classes:/home/uzair/WebTest/target/classes:/home/uzair/.m2/repository/org/postgresql/postgresql/42.3.1/postgresql-42.3.1.jar:/home/uzair/.m2/repository/org/checkerframework/checker-qual/3.5.0/checker-qual-3.5.0.jar:/home/uzair/.m2/repository/io/cucumber/cucumber-junit/6.10.0/cucumber-junit-6.10.0.jar:/home/uzair/.m2/repository/org/apiguardian/apiguardian-api/1.1.1/apiguardian-api-1.1.1.jar:/home/uzair/.m2/repository/io/cucumber/cucumber-core/6.10.4/cucumber-core-6.10.4.jar:/home/uzair/.m2/repository/io/cucumber/cucumber-gherkin/6.10.4/cucumber-gherkin-6.10.4.jar:/home/uzair/.m2/repository/io/cucumber/cucumber-gherkin-messages/6.10.4/cucumber-gherkin-messages-6.10.4.jar:/home/uzair/.m2/repository/io/cucumber/messages/15.0.0/messages-15.0.0.jar:/home/uzair/.m2/repository/io/cucumber/tag-expressions/3.0.1/tag-expressions-3.0.1.jar:/home/uzair/.m2/repository/io/cucumber/cucumber-expressions/10.3.0/cucumber-expressions-10.3.0.jar:/home/uzair/.m2/repository/io/cucumber/datatable/3.5.0/datatable-3.5.0.jar:/home/uzair/.m2/repository/io/cucumber/cucumber-plugin/6.10.4/cucumber-plugin-6.10.4.jar:/home/uzair/.m2/repository/io/cucumber/docstring/6.10.4/docstring-6.10.4.jar:/home/uzair/.m2/repository/io/cucumber/html-formatter/13.0.0/html-formatter-13.0.0.jar:/home/uzair/.m2/repository/io/cucumber/create-meta/4.0.0/create-meta-4.0.0.jar:/home/uzair/.m2/repository/io/cucumber/cucumber-java/6.10.4/cucumber-java-6.10.4.jar:/home/uzair/.m2/repository/junit/junit/4.13.2/junit-4.13.2.jar:/home/uzair/.m2/repository/org/hamcrest/hamcrest-core/1.3/hamcrest-core-1.3.jar:/home/uzair/.m2/repository/org/seleniumhq/selenium/selenium-remote-driver/4.3.0/selenium-remote-driver-4.3.0.jar:/home/uzair/.m2/repository/com/beust/jcommander/1.82/jcommander-1.82.jar:/home/uzair/.m2/repository/com/google/auto/service/auto-service-annotations/1.0.1/auto-service-annotations-1.0.1.jar:/home/uzair/.m2/repository/com/google/auto/service/auto-service/1.0.1/auto-service-1.0.1.jar:/home/uzair/.m2/repository/com/google/auto/auto-common/1.2/auto-common-1.2.jar:/home/uzair/.m2/repository/com/google/guava/guava/31.1-jre/guava-31.1-jre.jar:/home/uzair/.m2/repository/com/google/guava/failureaccess/1.0.1/failureaccess-1.0.1.jar:/home/uzair/.m2/repository/com/google/guava/listenablefuture/9999.0-empty-to-avoid-conflict-with-guava/listenablefuture-9999.0-empty-to-avoid-conflict-with-guava.jar:/home/uzair/.m2/repository/com/google/code/findbugs/jsr305/3.0.2/jsr305-3.0.2.jar:/home/uzair/.m2/repository/com/google/errorprone/error_prone_annotations/2.11.0/error_prone_annotations-2.11.0.jar:/home/uzair/.m2/repository/com/google/j2objc/j2objc-annotations/1.3/j2objc-annotations-1.3.jar:/home/uzair/.m2/repository/io/netty/netty-buffer/4.1.78.Final/netty-buffer-4.1.78.Final.jar:/home/uzair/.m2/repository/io/netty/netty-codec-http/4.1.78.Final/netty-codec-http-4.1.78.Final.jar:/home/uzair/.m2/repository/io/netty/netty-codec/4.1.78.Final/netty-codec-4.1.78.Final.jar:/home/uzair/.m2/repository/io/netty/netty-handler/4.1.78.Final/netty-handler-4.1.78.Final.jar:/home/uzair/.m2/repository/io/netty/netty-common/4.1.78.Final/netty-common-4.1.78.Final.jar:/home/uzair/.m2/repository/io/netty/netty-transport-classes-epoll/4.1.78.Final/netty-transport-classes-epoll-4.1.78.Final.jar:/home/uzair/.m2/repository/io/netty/netty-transport-classes-kqueue/4.1.78.Final/netty-transport-classes-kqueue-4.1.78.Final.jar:/home/uzair/.m2/repository/io/netty/netty-transport-native-epoll/4.1.78.Final/netty-transport-native-epoll-4.1.78.Final.jar:/home/uzair/.m2/repository/io/netty/netty-transport-native-kqueue/4.1.78.Final/netty-transport-native-kqueue-4.1.78.Final.jar:/home/uzair/.m2/repository/io/netty/netty-transport-native-unix-common/4.1.78.Final/netty-transport-native-unix-common-4.1.78.Final.jar:/home/uzair/.m2/repository/io/netty/netty-transport/4.1.78.Final/netty-transport-4.1.78.Final.jar:/home/uzair/.m2/repository/io/netty/netty-resolver/4.1.78.Final/netty-resolver-4.1.78.Final.jar:/home/uzair/.m2/repository/io/opentelemetry/opentelemetry-api/1.15.0/opentelemetry-api-1.15.0.jar:/home/uzair/.m2/repository/io/opentelemetry/opentelemetry-context/1.15.0/opentelemetry-context-1.15.0.jar:/home/uzair/.m2/repository/io/opentelemetry/opentelemetry-exporter-logging/1.15.0/opentelemetry-exporter-logging-1.15.0.jar:/home/uzair/.m2/repository/io/opentelemetry/opentelemetry-sdk-metrics/1.15.0/opentelemetry-sdk-metrics-1.15.0.jar:/home/uzair/.m2/repository/io/opentelemetry/opentelemetry-sdk-logs/1.15.0-alpha/opentelemetry-sdk-logs-1.15.0-alpha.jar:/home/uzair/.m2/repository/io/opentelemetry/opentelemetry-sdk-common/1.15.0/opentelemetry-sdk-common-1.15.0.jar:/home/uzair/.m2/repository/io/opentelemetry/opentelemetry-sdk-extension-autoconfigure-spi/1.15.0/opentelemetry-sdk-extension-autoconfigure-spi-1.15.0.jar:/home/uzair/.m2/repository/io/opentelemetry/opentelemetry-sdk-extension-autoconfigure/1.15.0-alpha/opentelemetry-sdk-extension-autoconfigure-1.15.0-alpha.jar:/home/uzair/.m2/repository/io/opentelemetry/opentelemetry-sdk-trace/1.15.0/opentelemetry-sdk-trace-1.15.0.jar:/home/uzair/.m2/repository/io/opentelemetry/opentelemetry-sdk/1.15.0/opentelemetry-sdk-1.15.0.jar:/home/uzair/.m2/repository/io/opentelemetry/opentelemetry-semconv/1.15.0-alpha/opentelemetry-semconv-1.15.0-alpha.jar:/home/uzair/.m2/repository/io/ous/jtoml/2.0.0/jtoml-2.0.0.jar:/home/uzair/.m2/repository/net/bytebuddy/byte-buddy/1.12.10/byte-buddy-1.12.10.jar:/home/uzair/.m2/repository/org/apache/commons/commons-exec/1.3/commons-exec-1.3.jar:/home/uzair/.m2/repository/org/asynchttpclient/async-http-client/2.12.3/async-http-client-2.12.3.jar:/home/uzair/.m2/repository/org/asynchttpclient/async-http-client-netty-utils/2.12.3/async-http-client-netty-utils-2.12.3.jar:/home/uzair/.m2/repository/io/netty/netty-codec-socks/4.1.60.Final/netty-codec-socks-4.1.60.Final.jar:/home/uzair/.m2/repository/io/netty/netty-handler-proxy/4.1.60.Final/netty-handler-proxy-4.1.60.Final.jar:/home/uzair/.m2/repository/io/netty/netty-transport-native-epoll/4.1.60.Final/netty-transport-native-epoll-4.1.60.Final-linux-x86_64.jar:/home/uzair/.m2/repository/io/netty/netty-transport-native-kqueue/4.1.60.Final/netty-transport-native-kqueue-4.1.60.Final-osx-x86_64.jar:/home/uzair/.m2/repository/org/reactivestreams/reactive-streams/1.0.3/reactive-streams-1.0.3.jar:/home/uzair/.m2/repository/com/typesafe/netty/netty-reactive-streams/2.0.4/netty-reactive-streams-2.0.4.jar:/home/uzair/.m2/repository/com/sun/activation/jakarta.activation/1.2.2/jakarta.activation-1.2.2.jar:/home/uzair/.m2/repository/org/seleniumhq/selenium/selenium-api/4.3.0/selenium-api-4.3.0.jar:/home/uzair/.m2/repository/org/seleniumhq/selenium/selenium-http/4.3.0/selenium-http-4.3.0.jar:/home/uzair/.m2/repository/dev/failsafe/failsafe/3.2.4/failsafe-3.2.4.jar:/home/uzair/.m2/repository/org/seleniumhq/selenium/selenium-json/4.3.0/selenium-json-4.3.0.jar:/home/uzair/.m2/repository/org/seleniumhq/selenium/selenium-java/4.3.0/selenium-java-4.3.0.jar:/home/uzair/.m2/repository/org/seleniumhq/selenium/selenium-chrome-driver/4.3.0/selenium-chrome-driver-4.3.0.jar:/home/uzair/.m2/repository/org/seleniumhq/selenium/selenium-chromium-driver/4.3.0/selenium-chromium-driver-4.3.0.jar:/home/uzair/.m2/repository/org/seleniumhq/selenium/selenium-devtools-v101/4.3.0/selenium-devtools-v101-4.3.0.jar:/home/uzair/.m2/repository/org/seleniumhq/selenium/selenium-devtools-v102/4.3.0/selenium-devtools-v102-4.3.0.jar:/home/uzair/.m2/repository/org/seleniumhq/selenium/selenium-devtools-v103/4.3.0/selenium-devtools-v103-4.3.0.jar:/home/uzair/.m2/repository/org/seleniumhq/selenium/selenium-devtools-v85/4.3.0/selenium-devtools-v85-4.3.0.jar:/home/uzair/.m2/repository/org/seleniumhq/selenium/selenium-edge-driver/4.3.0/selenium-edge-driver-4.3.0.jar:/home/uzair/.m2/repository/org/seleniumhq/selenium/selenium-firefox-driver/4.3.0/selenium-firefox-driver-4.3.0.jar:/home/uzair/.m2/repository/org/seleniumhq/selenium/selenium-ie-driver/4.3.0/selenium-ie-driver-4.3.0.jar:/home/uzair/.m2/repository/org/seleniumhq/selenium/selenium-opera-driver/4.3.0/selenium-opera-driver-4.3.0.jar:/home/uzair/.m2/repository/org/seleniumhq/selenium/selenium-safari-driver/4.3.0/selenium-safari-driver-4.3.0.jar:/home/uzair/.m2/repository/org/seleniumhq/selenium/selenium-support/4.3.0/selenium-support-4.3.0.jar:/home/uzair/.m2/repository/io/github/bonigarcia/webdrivermanager/5.0.2/webdrivermanager-5.0.2.jar:/home/uzair/.m2/repository/org/slf4j/slf4j-api/1.7.32/slf4j-api-1.7.32.jar:/home/uzair/.m2/repository/com/google/code/gson/gson/2.8.8/gson-2.8.8.jar:/home/uzair/.m2/repository/org/jsoup/jsoup/1.14.2/jsoup-1.14.2.jar:/home/uzair/.m2/repository/com/github/docker-java/docker-java/3.2.11/docker-java-3.2.11.jar:/home/uzair/.m2/repository/com/github/docker-java/docker-java-core/3.2.11/docker-java-core-3.2.11.jar:/home/uzair/.m2/repository/com/github/docker-java/docker-java-api/3.2.11/docker-java-api-3.2.11.jar:/home/uzair/.m2/repository/org/apache/commons/commons-compress/1.20/commons-compress-1.20.jar:/home/uzair/.m2/repository/commons-lang/commons-lang/2.6/commons-lang-2.6.jar:/home/uzair/.m2/repository/org/bouncycastle/bcpkix-jdk15on/1.64/bcpkix-jdk15on-1.64.jar:/home/uzair/.m2/repository/org/bouncycastle/bcprov-jdk15on/1.64/bcprov-jdk15on-1.64.jar:/home/uzair/.m2/repository/org/slf4j/jcl-over-slf4j/1.7.30/jcl-over-slf4j-1.7.30.jar:/home/uzair/.m2/repository/com/github/docker-java/docker-java-transport-httpclient5/3.2.11/docker-java-transport-httpclient5-3.2.11.jar:/home/uzair/.m2/repository/com/github/docker-java/docker-java-transport/3.2.11/docker-java-transport-3.2.11.jar:/home/uzair/.m2/repository/org/apache/httpcomponents/client5/httpclient5/5.0.3/httpclient5-5.0.3.jar:/home/uzair/.m2/repository/org/apache/httpcomponents/core5/httpcore5/5.0.2/httpcore5-5.0.2.jar:/home/uzair/.m2/repository/commons-codec/commons-codec/1.13/commons-codec-1.13.jar:/home/uzair/.m2/repository/net/java/dev/jna/jna/5.8.0/jna-5.8.0.jar:/home/uzair/.m2/repository/org/brotli/dec/0.1.2/dec-0.1.2.jar:/home/uzair/.m2/repository/com/testvagrant/mdb/mdb/2.2.1/mdb-2.2.1.jar:/home/uzair/.m2/repository/org/apache/commons/commons-lang3/3.1/commons-lang3-3.1.jar:/home/uzair/.m2/repository/com/testvagrant/optimus-commons/optimus-commons/2.2.1/optimus-commons-2.2.1.jar:/home/uzair/.m2/repository/org/json/json/20160810/json-20160810.jar:/home/uzair/.m2/repository/io/appium/java-client/5.0.4/java-client-5.0.4.jar:/home/uzair/.m2/repository/org/apache/httpcomponents/httpclient/4.5.3/httpclient-4.5.3.jar:/home/uzair/.m2/repository/org/apache/httpcomponents/httpcore/4.4.6/httpcore-4.4.6.jar:/home/uzair/.m2/repository/commons-logging/commons-logging/1.2/commons-logging-1.2.jar:/home/uzair/.m2/repository/cglib/cglib/3.2.5/cglib-3.2.5.jar:/home/uzair/.m2/repository/org/apache/ant/ant/1.9.6/ant-1.9.6.jar:/home/uzair/.m2/repository/org/apache/ant/ant-launcher/1.9.6/ant-launcher-1.9.6.jar:/home/uzair/.m2/repository/commons-validator/commons-validator/1.6/commons-validator-1.6.jar:/home/uzair/.m2/repository/commons-beanutils/commons-beanutils/1.9.2/commons-beanutils-1.9.2.jar:/home/uzair/.m2/repository/commons-digester/commons-digester/1.8.1/commons-digester-1.8.1.jar:/home/uzair/.m2/repository/commons-collections/commons-collections/3.2.2/commons-collections-3.2.2.jar:/home/uzair/.m2/repository/org/springframework/spring-context/5.0.0.RELEASE/spring-context-5.0.0.RELEASE.jar:/home/uzair/.m2/repository/org/springframework/spring-aop/5.0.0.RELEASE/spring-aop-5.0.0.RELEASE.jar:/home/uzair/.m2/repository/org/springframework/spring-beans/5.0.0.RELEASE/spring-beans-5.0.0.RELEASE.jar:/home/uzair/.m2/repository/org/springframework/spring-core/5.0.0.RELEASE/spring-core-5.0.0.RELEASE.jar:/home/uzair/.m2/repository/org/springframework/spring-jcl/5.0.0.RELEASE/spring-jcl-5.0.0.RELEASE.jar:/home/uzair/.m2/repository/org/springframework/spring-expression/5.0.0.RELEASE/spring-expression-5.0.0.RELEASE.jar:/home/uzair/.m2/repository/org/aspectj/aspectjweaver/1.8.11/aspectjweaver-1.8.11.jar:/home/uzair/.m2/repository/org/openpnp/opencv/3.2.0-1/opencv-3.2.0-1.jar:/home/uzair/.m2/repository/org/codehaus/jackson/jackson-jaxrs/1.8.5/jackson-jaxrs-1.8.5.jar:/home/uzair/.m2/repository/org/codehaus/jackson/jackson-core-asl/1.8.5/jackson-core-asl-1.8.5.jar:/home/uzair/.m2/repository/org/codehaus/jackson/jackson-mapper-asl/1.8.5/jackson-mapper-asl-1.8.5.jar:/home/uzair/.m2/repository/com/fasterxml/jackson/core/jackson-databind/2.9.0.pr4/jackson-databind-2.9.0.pr4.jar:/home/uzair/.m2/repository/com/fasterxml/jackson/core/jackson-annotations/2.9.0.pr4/jackson-annotations-2.9.0.pr4.jar:/home/uzair/.m2/repository/com/fasterxml/jackson/core/jackson-core/2.9.0.pr4/jackson-core-2.9.0.pr4.jar:/home/uzair/.m2/repository/com/fasterxml/jackson/dataformat/jackson-dataformat-yaml/2.9.0.pr4/jackson-dataformat-yaml-2.9.0.pr4.jar:/home/uzair/.m2/repository/org/yaml/snakeyaml/1.17/snakeyaml-1.17.jar:/home/uzair/.m2/repository/io/cucumber/cucumber-java8/2.1.0/cucumber-java8-2.1.0.jar:/home/uzair/.m2/repository/net/jodah/typetools/0.5.0/typetools-0.5.0.jar:/home/uzair/.m2/repository/com/paulhammant/ngwebdriver/1.1.6/ngwebdriver-1.1.6.jar:/home/uzair/.m2/repository/com/jayway/jsonpath/json-path/2.7.0/json-path-2.7.0.jar:/home/uzair/.m2/repository/net/minidev/json-smart/2.4.7/json-smart-2.4.7.jar:/home/uzair/.m2/repository/net/minidev/accessors-smart/2.4.7/accessors-smart-2.4.7.jar:/home/uzair/.m2/repository/org/ow2/asm/asm/9.1/asm-9.1.jar:/home/uzair/.m2/repository/commons-io/commons-io/2.11.0/commons-io-2.11.0.jar:/home/uzair/.m2/repository/io/qameta/allure/allure-cucumber6-jvm/2.17.2/allure-cucumber6-jvm-2.17.2.jar:/home/uzair/.m2/repository/io/qameta/allure/allure-java-commons/2.17.2/allure-java-commons-2.17.2.jar:/home/uzair/.m2/repository/io/qameta/allure/allure-model/2.17.2/allure-model-2.17.2.jar:/home/uzair/.m2/repository/io/cucumber/gherkin/18.0.0/gherkin-18.0.0.jar:"/>
    <property name="allure.results.directory" value="/home/uzair/WebTest/Reports/allure-results"/>
    <property name="sun.cpu.endian" value="little"/>
    <property name="user.home" value="/home/uzair"/>
    <property name="user.language" value="en"/>
    <property name="java.specification.vendor" value="Oracle Corporation"/>
    <property name="java.version.date" value="2022-07-19"/>
    <property name="java.home" value="/usr/lib/jvm/java-18-openjdk-amd64"/>
    <property name="file.separator" value="/"/>
    <property name="basedir" value="/home/uzair/WebTest"/>
    <property name="java.vm.compressedOopsMode" value="Zero based"/>
    <property name="line.separator" value="&#10;"/>
    <property name="java.vm.specification.vendor" value="Oracle Corporation"/>
    <property name="java.specification.name" value="Java Platform API Specification"/>
    <property name="surefire.real.class.path" value="/home/uzair/WebTest/target/surefire/surefirebooter15524266946487365387.jar"/>
    <property name="sun.management.compiler" value="HotSpot 64-Bit Tiered Compilers"/>
    <property name="java.runtime.version" value="18.0.2-ea+9-Ubuntu-222.04"/>
    <property name="user.name" value="uzair"/>
    <property name="path.separator" value=":"/>
    <property name="os.version" value="5.19.0-46-generic"/>
    <property name="java.runtime.name" value="OpenJDK Runtime Environment"/>
    <property name="file.encoding" value="UTF-8"/>
    <property name="java.vm.name" value="OpenJDK 64-Bit Server VM"/>
    <property name="localRepository" value="/home/uzair/.m2/repository"/>
    <property name="cucumber.options" value="--plugin io.qameta.allure.cucumber6jvm.AllureCucumber6Jvm"/>
    <property name="java.vendor.url.bug" value="Unknown"/>
    <property name="java.io.tmpdir" value="/tmp"/>
    <property name="java.version" value="18.0.2-ea"/>
    <property name="cucumber.filter.tags" value="@WEB"/>
    <property name="user.dir" value="/home/uzair/WebTest"/>
    <property name="os.arch" value="amd64"/>
    <property name="java.vm.specification.name" value="Java Virtual Machine Specification"/>
    <property name="env" value="ENV_1"/>
    <property name="native.encoding" value="UTF-8"/>
    <property name="java.library.path" value="/usr/java/packages/lib:/usr/lib/x86_64-linux-gnu/jni:/lib/x86_64-linux-gnu:/usr/lib/x86_64-linux-gnu:/usr/lib/jni:/lib:/usr/lib"/>
    <property name="java.vm.info" value="mixed mode, sharing"/>
    <property name="java.vendor" value="Private Build"/>
    <property name="java.vm.version" value="18.0.2-ea+9-Ubuntu-222.04"/>
    <property name="sun.io.unicode.encoding" value="UnicodeLittle"/>
    <property name="java.class.version" value="62.0"/>
  </properties>
  <testcase name="Setting Web Selenium connection for &quot;TARGET_ADMIN_WEB&quot;" classname="Verify Web Portal is launched successfully" time="3.149">
    <system-err><![CDATA[SLF4J: Failed to load class "org.slf4j.impl.StaticLoggerBinder".
SLF4J: Defaulting to no-operation (NOP) logger implementation
SLF4J: See http://www.slf4j.org/codes.html#StaticLoggerBinder for further details.
Starting ChromeDriver 114.0.5735.90 (386bc09e8f4f2e025eddae123f36f6263096ae49-refs/branch-heads/5735[@1{6#901209959824}.2)07 ][oSEnV EpRoEr]:t  bi3n6d(4)4 f3a
ilOend:l yCa nlnootc aaslsi gcn orenqnueestcetd iaodndsre sas r(9e9 )
allowed.
Please see https://chromedriver.chromium.org/security-considerations for suggestions on keeping ChromeDriver safe.
ChromeDriver was started successfully.
[1690299984.511][WARNING]: This version of ChromeDriver has not been tested with Chrome version 115.
Jul 25, 2023 8:46:24 PM org.openqa.selenium.remote.ProtocolHandshake createSession
INFO: Detected upstream dialect: W3C
Jul 25, 2023 8:46:24 PM org.openqa.selenium.devtools.CdpVersionFinder findNearestMatch
WARNING: Unable to find an exact match for CDP version 115, so returning the closest version found: a no-op implementation
Jul 25, 2023 8:46:24 PM org.openqa.selenium.devtools.CdpVersionFinder findNearestMatch
INFO: Unable to find CDP implementation matching 115.
Jul 25, 2023 8:46:24 PM org.openqa.selenium.chromium.ChromiumDriver lambda$new$3
WARNING: Unable to find version of CDP to use for . You may need to include a dependency on a specific version of the CDP using something similar to `org.seleniumhq.selenium:selenium-devtools-v86:4.3.0` where the version ("v86") matches the version of the chromium-based browser you're using and the version number of the artifact is the same as Selenium's.
]]></system-err>
  </testcase>
  <testcase name="[Admin Portal] User enters Email &quot;standard_user&quot;" classname="Verify Web Portal is launched successfully" time="0.094"/>
  <testcase name="[Admin Portal] User enters Password &quot;secret_sauce&quot;" classname="Verify Web Portal is launched successfully" time="0.049"/>
  <testcase name="[Admin Portal] Click on login button" classname="Verify Web Portal is launched successfully" time="0.071"/>
  <testcase name="" classname="Verify Web Portal is launched successfully" time="0.117">
    <system-out><![CDATA[File NOT! found: /home/uzair/WebTest/Reports/environment.properties
]]></system-out>
  </testcase>
  <testcase name="[Admin Portal] User should be able to add item in cart" classname="Verify User should be able To place order successfully" time="0.031"/>
  <testcase name="[Admin Portal] User should be able to visit on checkout screen by click on checkout icon" classname="Verify User should be able To place order successfully" time="0.034"/>
  <testcase name="[Admin Portal] Click on chckout to continue" classname="Verify User should be able To place order successfully" time="0.035"/>
  <testcase name="[Admin Portal] Enter first name as &quot;John&quot;" classname="Verify User should be able To place order successfully" time="0.052"/>
  <testcase name="[Admin Portal] Enter last name as &quot;Smith&quot;" classname="Verify User should be able To place order successfully" time="0.045"/>
  <testcase name="[Admin Portal] Enter postal code as &quot;3493489&quot;" classname="Verify User should be able To place order successfully" time="0.046"/>
  <testcase name="[Admin Portal] Click on continue button to continue ordering" classname="Verify User should be able To place order successfully" time="0.036"/>
  <testcase name="[Admin Portal] Click on finish button to complete ordering" classname="Verify User should be able To place order successfully" time="0.035"/>
  <testcase name="[Admin Portal] Go to side menu" classname="Verify User should be able To place order successfully" time="0.036"/>
  <testcase name="" classname="Verify User should be able To place order successfully" time="0.039"/>
  <testcase name="[Admin Portal] Click on login button" classname="Verify User should be able To logout successfully" time="15.07">
    <error message="no such element: Unable to locate element: {&quot;method&quot;:&quot;css selector&quot;,&quot;selector&quot;:&quot;#login\-button&quot;}&#10;  (Session info: chrome=115.0.5790.102)&#10;For documentation on this error, please visit: https://selenium.dev/exceptions/#no_such_element&#10;Build info: version: &apos;4.3.0&apos;, revision: &apos;a4995e2c09*&apos;&#10;System info: host: &apos;uzair&apos;, ip: &apos;127.0.1.1&apos;, os.name: &apos;Linux&apos;, os.arch: &apos;amd64&apos;, os.version: &apos;5.19.0-46-generic&apos;, java.version: &apos;18.0.2-ea&apos;&#10;Driver info: org.openqa.selenium.chrome.ChromeDriver&#10;Command: [798d0100be0765835ce036f3ad615f28, findElement {using=id, value=login-button}]&#10;Capabilities {acceptInsecureCerts: false, browserName: chrome, browserVersion: 115.0.5790.102, chrome: {chromedriverVersion: 114.0.5735.90 (386bc09e8f4f..., userDataDir: /tmp/.com.google.Chrome.Sjxj2f}, goog:chromeOptions: {debuggerAddress: localhost:37119}, networkConnectionEnabled: false, pageLoadStrategy: normal, platformName: LINUX, proxy: Proxy(), se:cdp: ws://localhost:37119/devtoo..., se:cdpVersion: 115.0.5790.102, setWindowRect: true, strictFileInteractability: false, timeouts: {implicit: 0, pageLoad: 300000, script: 30000}, unhandledPromptBehavior: dismiss and notify, webauthn:extension:credBlob: true, webauthn:extension:largeBlob: true, webauthn:extension:minPinLength: true, webauthn:extension:prf: true, webauthn:virtualAuthenticators: true}&#10;Session ID: 798d0100be0765835ce036f3ad615f28" type="org.openqa.selenium.NoSuchElementException"><![CDATA[org.openqa.selenium.NoSuchElementException: 
no such element: Unable to locate element: {"method":"css selector","selector":"#login\-button"}
  (Session info: chrome=115.0.5790.102)
For documentation on this error, please visit: https://selenium.dev/exceptions/#no_such_element
Build info: version: '4.3.0', revision: 'a4995e2c09*'
System info: host: 'uzair', ip: '127.0.1.1', os.name: 'Linux', os.arch: 'amd64', os.version: '5.19.0-46-generic', java.version: '18.0.2-ea'
Driver info: org.openqa.selenium.chrome.ChromeDriver
Command: [798d0100be0765835ce036f3ad615f28, findElement {using=id, value=login-button}]
Capabilities {acceptInsecureCerts: false, browserName: chrome, browserVersion: 115.0.5790.102, chrome: {chromedriverVersion: 114.0.5735.90 (386bc09e8f4f..., userDataDir: /tmp/.com.google.Chrome.Sjxj2f}, goog:chromeOptions: {debuggerAddress: localhost:37119}, networkConnectionEnabled: false, pageLoadStrategy: normal, platformName: LINUX, proxy: Proxy(), se:cdp: ws://localhost:37119/devtoo..., se:cdpVersion: 115.0.5790.102, setWindowRect: true, strictFileInteractability: false, timeouts: {implicit: 0, pageLoad: 300000, script: 30000}, unhandledPromptBehavior: dismiss and notify, webauthn:extension:credBlob: true, webauthn:extension:largeBlob: true, webauthn:extension:minPinLength: true, webauthn:extension:prf: true, webauthn:virtualAuthenticators: true}
Session ID: 798d0100be0765835ce036f3ad615f28
]]></error>
  </testcase>
  <testcase name="" classname="Verify User should be able To logout successfully" time="15.073">
    <error message="no such element: Unable to locate element: {&quot;method&quot;:&quot;css selector&quot;,&quot;selector&quot;:&quot;#login\-button&quot;}&#10;  (Session info: chrome=115.0.5790.102)&#10;For documentation on this error, please visit: https://selenium.dev/exceptions/#no_such_element&#10;Build info: version: &apos;4.3.0&apos;, revision: &apos;a4995e2c09*&apos;&#10;System info: host: &apos;uzair&apos;, ip: &apos;127.0.1.1&apos;, os.name: &apos;Linux&apos;, os.arch: &apos;amd64&apos;, os.version: &apos;5.19.0-46-generic&apos;, java.version: &apos;18.0.2-ea&apos;&#10;Driver info: org.openqa.selenium.chrome.ChromeDriver&#10;Command: [798d0100be0765835ce036f3ad615f28, findElement {using=id, value=login-button}]&#10;Capabilities {acceptInsecureCerts: false, browserName: chrome, browserVersion: 115.0.5790.102, chrome: {chromedriverVersion: 114.0.5735.90 (386bc09e8f4f..., userDataDir: /tmp/.com.google.Chrome.Sjxj2f}, goog:chromeOptions: {debuggerAddress: localhost:37119}, networkConnectionEnabled: false, pageLoadStrategy: normal, platformName: LINUX, proxy: Proxy(), se:cdp: ws://localhost:37119/devtoo..., se:cdpVersion: 115.0.5790.102, setWindowRect: true, strictFileInteractability: false, timeouts: {implicit: 0, pageLoad: 300000, script: 30000}, unhandledPromptBehavior: dismiss and notify, webauthn:extension:credBlob: true, webauthn:extension:largeBlob: true, webauthn:extension:minPinLength: true, webauthn:extension:prf: true, webauthn:virtualAuthenticators: true}&#10;Session ID: 798d0100be0765835ce036f3ad615f28" type="org.openqa.selenium.NoSuchElementException"><![CDATA[org.openqa.selenium.NoSuchElementException: 
no such element: Unable to locate element: {"method":"css selector","selector":"#login\-button"}
  (Session info: chrome=115.0.5790.102)
For documentation on this error, please visit: https://selenium.dev/exceptions/#no_such_element
Build info: version: '4.3.0', revision: 'a4995e2c09*'
System info: host: 'uzair', ip: '127.0.1.1', os.name: 'Linux', os.arch: 'amd64', os.version: '5.19.0-46-generic', java.version: '18.0.2-ea'
Driver info: org.openqa.selenium.chrome.ChromeDriver
Command: [798d0100be0765835ce036f3ad615f28, findElement {using=id, value=login-button}]
Capabilities {acceptInsecureCerts: false, browserName: chrome, browserVersion: 115.0.5790.102, chrome: {chromedriverVersion: 114.0.5735.90 (386bc09e8f4f..., userDataDir: /tmp/.com.google.Chrome.Sjxj2f}, goog:chromeOptions: {debuggerAddress: localhost:37119}, networkConnectionEnabled: false, pageLoadStrategy: normal, platformName: LINUX, proxy: Proxy(), se:cdp: ws://localhost:37119/devtoo..., se:cdpVersion: 115.0.5790.102, setWindowRect: true, strictFileInteractability: false, timeouts: {implicit: 0, pageLoad: 300000, script: 30000}, unhandledPromptBehavior: dismiss and notify, webauthn:extension:credBlob: true, webauthn:extension:largeBlob: true, webauthn:extension:minPinLength: true, webauthn:extension:prf: true, webauthn:virtualAuthenticators: true}
Session ID: 798d0100be0765835ce036f3ad615f28
]]></error>
  </testcase>
</testsuite>